<?xml version="1.0" encoding="UTF-8"?>
<!-- Generated by org.testng.reporters.JUnitReportReporter -->
<testsuite hostname="Chhagans-MacBook-Pro-2.local" name="com.cl.owasp_zap_demo.BasicTest" tests="1" failures="0" timestamp="17 Jul 2018 12:24:36 GMT" time="2.896" errors="0">
  <testcase name="demo" time="2.896" classname="com.cl.owasp_zap_demo.BasicTest"/>
</testsuite> <!-- com.cl.owasp_zap_demo.BasicTest -->
